<?xml version="1.0" encoding="UTF-8"?>
<!-- Generated by org.testng.reporters.JUnitReportReporter -->
<testsuite skipped="0" hostname="DESKTOP-UI79ED7" name="practice.E2Eproject.ValidateText" tests="1" failures="0" timestamp="11 May 2020 23:13:56 GMT" time="0.262" errors="0">
  <testcase name="Validate" time="0.262" classname="practice.E2Eproject.ValidateText"/>
</testsuite> <!-- practice.E2Eproject.ValidateText -->
