<?xml version="1.0" encoding="UTF-8"?>
<!-- Generated by org.testng.reporters.JUnitReportReporter -->
<testsuite skipped="0" hostname="DESKTOP-UI79ED7" name="practice.E2Eproject.HomePage" tests="2" failures="0" timestamp="11 May 2020 23:24:03 GMT" time="12.759" errors="0">
  <testcase name="pageNavigation" time="5.861" classname="practice.E2Eproject.HomePage"/>
  <testcase name="pageNavigation" time="6.898" classname="practice.E2Eproject.HomePage"/>
</testsuite> <!-- practice.E2Eproject.HomePage -->
